mode: set
learngo/container/nonrepeating/nonrepeating.go:8.47,13.31 4 1
learngo/container/nonrepeating/nonrepeating.go:23.2,23.18 1 1
learngo/container/nonrepeating/nonrepeating.go:13.31,14.58 1 1
learngo/container/nonrepeating/nonrepeating.go:17.3,17.28 1 1
learngo/container/nonrepeating/nonrepeating.go:20.3,20.23 1 1
learngo/container/nonrepeating/nonrepeating.go:14.58,16.4 1 1
learngo/container/nonrepeating/nonrepeating.go:17.28,19.4 1 1
learngo/container/nonrepeating/nonrepeating.go:26.13,32.2 5 0
